{"/Users/bschneider/Development/interview-questions/questions/debounce.js":{"path":"/Users/bschneider/Development/interview-questions/questions/debounce.js","s":{"1":1,"2":1,"3":7,"4":3,"5":4,"6":2,"7":2,"8":2,"9":2},"b":{"1":[3,4],"2":[2,2]},"f":{"1":7},"fnMap":{"1":{"name":"(anonymous_1)","line":13,"loc":{"start":{"line":12,"column":17},"end":{"line":12,"column":51}}}},"statementMap":{"1":{"start":{"line":10,"column":0},"end":{"line":10,"column":0}},"2":{"start":{"line":12,"column":0},"end":{"line":12,"column":0}},"3":{"start":{"line":13,"column":4},"end":{"line":15,"column":5}},"4":{"start":{"line":14,"column":8},"end":{"line":14,"column":8}},"5":{"start":{"line":17,"column":4},"end":{"line":23,"column":5}},"6":{"start":{"line":18,"column":8},"end":{"line":18,"column":8}},"7":{"start":{"line":19,"column":8},"end":{"line":19,"column":8}},"8":{"start":{"line":20,"column":8},"end":{"line":20,"column":8}},"9":{"start":{"line":21,"column":12},"end":{"line":21,"column":12}}},"branchMap":{"1":{"line":14,"type":"if","locations":[{"start":{"line":13,"column":4},"end":{"line":13,"column":4}},{"start":{"line":13,"column":4},"end":{"line":13,"column":4}}]},"2":{"line":18,"type":"if","locations":[{"start":{"line":17,"column":4},"end":{"line":17,"column":4}},{"start":{"line":17,"column":4},"end":{"line":17,"column":4}}]}}},"/Users/bschneider/Development/interview-questions/questions/flatten.js":{"path":"/Users/bschneider/Development/interview-questions/questions/flatten.js","s":{"1":1,"2":1,"3":1,"4":2,"5":6,"6":6,"7":1,"8":5,"9":2,"10":1},"b":{"1":[1,5]},"f":{"1":1,"2":2},"fnMap":{"1":{"name":"(anonymous_1)","line":8,"loc":{"start":{"line":8,"column":17},"end":{"line":8,"column":32}}},"2":{"name":"iterate","line":11,"loc":{"start":{"line":11,"column":4},"end":{"line":11,"column":27}}}},"statementMap":{"1":{"start":{"line":8,"column":0},"end":{"line":8,"column":0}},"2":{"start":{"line":9,"column":4},"end":{"line":9,"column":4}},"3":{"start":{"line":11,"column":4},"end":{"line":23,"column":5}},"4":{"start":{"line":12,"column":8},"end":{"line":21,"column":9}},"5":{"start":{"line":13,"column":12},"end":{"line":13,"column":12}},"6":{"start":{"line":15,"column":12},"end":{"line":19,"column":13}},"7":{"start":{"line":16,"column":16},"end":{"line":16,"column":16}},"8":{"start":{"line":18,"column":16},"end":{"line":18,"column":16}},"9":{"start":{"line":22,"column":8},"end":{"line":22,"column":8}},"10":{"start":{"line":25,"column":4},"end":{"line":25,"column":4}}},"branchMap":{"1":{"line":15,"type":"if","locations":[{"start":{"line":15,"column":12},"end":{"line":15,"column":12}},{"start":{"line":15,"column":12},"end":{"line":15,"column":12}}]}}},"/Users/bschneider/Development/interview-questions/questions/Queue.js":{"path":"/Users/bschneider/Development/interview-questions/questions/Queue.js","s":{"1":4,"2":4,"3":7,"4":7,"5":4,"6":3,"7":1,"8":3,"9":3,"10":4,"11":1},"b":{},"f":{"1":4,"2":7,"3":4,"4":3,"5":1,"6":4},"fnMap":{"1":{"name":"(anonymous_1)","line":10,"loc":{"start":{"line":10,"column":4},"end":{"line":10,"column":18}}},"2":{"name":"(anonymous_2)","line":15,"loc":{"start":{"line":15,"column":4},"end":{"line":15,"column":17}}},"3":{"name":"(anonymous_3)","line":21,"loc":{"start":{"line":21,"column":4},"end":{"line":21,"column":16}}},"4":{"name":"(anonymous_4)","line":25,"loc":{"start":{"line":25,"column":4},"end":{"line":25,"column":13}}},"5":{"name":"(anonymous_5)","line":29,"loc":{"start":{"line":29,"column":4},"end":{"line":29,"column":12}}},"6":{"name":"(anonymous_6)","line":36,"loc":{"start":{"line":36,"column":4},"end":{"line":36,"column":14}}}},"statementMap":{"1":{"start":{"line":11,"column":8},"end":{"line":11,"column":8}},"2":{"start":{"line":12,"column":8},"end":{"line":12,"column":8}},"3":{"start":{"line":16,"column":8},"end":{"line":16,"column":8}},"4":{"start":{"line":18,"column":8},"end":{"line":18,"column":8}},"5":{"start":{"line":22,"column":8},"end":{"line":22,"column":8}},"6":{"start":{"line":26,"column":8},"end":{"line":26,"column":8}},"7":{"start":{"line":30,"column":8},"end":{"line":30,"column":8}},"8":{"start":{"line":31,"column":12},"end":{"line":31,"column":12}},"9":{"start":{"line":32,"column":12},"end":{"line":32,"column":12}},"10":{"start":{"line":37,"column":8},"end":{"line":37,"column":8}},"11":{"start":{"line":41,"column":0},"end":{"line":41,"column":0}}},"branchMap":{}}}