TN:
SF:/Users/bschneider/Development/interview-questions/questions/debounce.js
FN:13,(anonymous_1)
FNF:1
FNH:1
FNDA:7,(anonymous_1)
DA:10,1
DA:12,1
DA:13,7
DA:14,3
DA:17,4
DA:18,2
DA:19,2
DA:20,2
DA:21,2
LF:9
LH:9
BRDA:14,1,0,3
BRDA:14,1,1,4
BRDA:18,2,0,2
BRDA:18,2,1,2
BRF:4
BRH:4
end_of_record
TN:
SF:/Users/bschneider/Development/interview-questions/questions/flatten.js
FN:8,(anonymous_1)
FN:11,iterate
FNF:2
FNH:2
FNDA:1,(anonymous_1)
FNDA:2,iterate
DA:8,1
DA:9,1
DA:11,1
DA:12,2
DA:13,6
DA:15,6
DA:16,1
DA:18,5
DA:22,2
DA:25,1
LF:10
LH:10
BRDA:15,1,0,1
BRDA:15,1,1,5
BRF:2
BRH:2
end_of_record
TN:
SF:/Users/bschneider/Development/interview-questions/questions/Queue.js
FN:10,(anonymous_1)
FN:15,(anonymous_2)
FN:21,(anonymous_3)
FN:25,(anonymous_4)
FN:29,(anonymous_5)
FN:36,(anonymous_6)
FNF:6
FNH:6
FNDA:4,(anonymous_1)
FNDA:7,(anonymous_2)
FNDA:4,(anonymous_3)
FNDA:3,(anonymous_4)
FNDA:1,(anonymous_5)
FNDA:4,(anonymous_6)
DA:11,4
DA:12,4
DA:16,7
DA:18,7
DA:22,4
DA:26,3
DA:30,1
DA:31,3
DA:32,3
DA:37,4
DA:41,1
LF:11
LH:11
BRF:0
BRH:0
end_of_record
